/scratch/user/mincheolseong/.conda/envs/grpo/lib/python3.10/site-packages/accelerate/accelerator.py:371: UserWarning: `log_with=tensorboard` was passed but no supported trackers are currently installed.
  warnings.warn(f"`log_with={log_with}` was passed but no supported trackers are currently installed.")
/scratch/user/mincheolseong/.conda/envs/grpo/lib/python3.10/site-packages/trl/trainer/ppo_trainer.py:1129: UserWarning: std(): degrees of freedom is <= 0. Correction should be strictly less than the reduction factor (input numel divided by output numel). (Triggered internally at /pytorch/aten/src/ATen/native/ReduceOps.cpp:1831.)
  std_scores = torch.stack(data["scores"]).std()
/scratch/user/mincheolseong/.conda/envs/grpo/lib/python3.10/site-packages/trl/trainer/ppo_trainer.py:1156: UserWarning: std(): degrees of freedom is <= 0. Correction should be strictly less than the reduction factor (input numel divided by output numel). (Triggered internally at /pytorch/aten/src/ATen/native/ReduceOps.cpp:1831.)
  stats["tokens/queries_len_std"] = torch.std(query_lens).cpu().numpy().item()
/scratch/user/mincheolseong/.conda/envs/grpo/lib/python3.10/site-packages/trl/trainer/ppo_trainer.py:1159: UserWarning: std(): degrees of freedom is <= 0. Correction should be strictly less than the reduction factor (input numel divided by output numel). (Triggered internally at /pytorch/aten/src/ATen/native/ReduceOps.cpp:1831.)
  stats["tokens/responses_len_std"] = torch.std(response_lens).cpu().numpy().item()
/scratch/user/mincheolseong/.conda/envs/grpo/lib/python3.10/site-packages/trl/trainer/ppo_trainer.py:1133: UserWarning: KL divergence is starting to become negative: -4.80 - this might be a precursor for failed training. sometimes this happens because the generation kwargs are not correctly set. Please make sure that the generation kwargs are set correctly, or review your training hyperparameters.
  warnings.warn(
/scratch/user/mincheolseong/.conda/envs/grpo/lib/python3.10/site-packages/trl/trainer/ppo_trainer.py:1133: UserWarning: KL divergence is starting to become negative: -1.90 - this might be a precursor for failed training. sometimes this happens because the generation kwargs are not correctly set. Please make sure that the generation kwargs are set correctly, or review your training hyperparameters.
  warnings.warn(
/scratch/user/mincheolseong/.conda/envs/grpo/lib/python3.10/site-packages/trl/trainer/ppo_trainer.py:1133: UserWarning: KL divergence is starting to become negative: -7.95 - this might be a precursor for failed training. sometimes this happens because the generation kwargs are not correctly set. Please make sure that the generation kwargs are set correctly, or review your training hyperparameters.
  warnings.warn(
/scratch/user/mincheolseong/.conda/envs/grpo/lib/python3.10/site-packages/trl/trainer/ppo_trainer.py:1133: UserWarning: KL divergence is starting to become negative: -3.18 - this might be a precursor for failed training. sometimes this happens because the generation kwargs are not correctly set. Please make sure that the generation kwargs are set correctly, or review your training hyperparameters.
  warnings.warn(
/scratch/user/mincheolseong/.conda/envs/grpo/lib/python3.10/site-packages/trl/trainer/ppo_trainer.py:1133: UserWarning: KL divergence is starting to become negative: -15.76 - this might be a precursor for failed training. sometimes this happens because the generation kwargs are not correctly set. Please make sure that the generation kwargs are set correctly, or review your training hyperparameters.
  warnings.warn(
/scratch/user/mincheolseong/.conda/envs/grpo/lib/python3.10/site-packages/trl/trainer/ppo_trainer.py:1133: UserWarning: KL divergence is starting to become negative: -26.00 - this might be a precursor for failed training. sometimes this happens because the generation kwargs are not correctly set. Please make sure that the generation kwargs are set correctly, or review your training hyperparameters.
  warnings.warn(
/scratch/user/mincheolseong/.conda/envs/grpo/lib/python3.10/site-packages/trl/trainer/ppo_trainer.py:1133: UserWarning: KL divergence is starting to become negative: -1.84 - this might be a precursor for failed training. sometimes this happens because the generation kwargs are not correctly set. Please make sure that the generation kwargs are set correctly, or review your training hyperparameters.
  warnings.warn(
/scratch/user/mincheolseong/.conda/envs/grpo/lib/python3.10/site-packages/trl/trainer/ppo_trainer.py:1133: UserWarning: KL divergence is starting to become negative: -4.69 - this might be a precursor for failed training. sometimes this happens because the generation kwargs are not correctly set. Please make sure that the generation kwargs are set correctly, or review your training hyperparameters.
  warnings.warn(
/scratch/user/mincheolseong/.conda/envs/grpo/lib/python3.10/site-packages/trl/trainer/ppo_trainer.py:1133: UserWarning: KL divergence is starting to become negative: -8.12 - this might be a precursor for failed training. sometimes this happens because the generation kwargs are not correctly set. Please make sure that the generation kwargs are set correctly, or review your training hyperparameters.
  warnings.warn(
/scratch/user/mincheolseong/.conda/envs/grpo/lib/python3.10/site-packages/trl/trainer/ppo_trainer.py:1133: UserWarning: KL divergence is starting to become negative: -19.14 - this might be a precursor for failed training. sometimes this happens because the generation kwargs are not correctly set. Please make sure that the generation kwargs are set correctly, or review your training hyperparameters.
  warnings.warn(
/scratch/user/mincheolseong/.conda/envs/grpo/lib/python3.10/site-packages/trl/trainer/ppo_trainer.py:1133: UserWarning: KL divergence is starting to become negative: -19.68 - this might be a precursor for failed training. sometimes this happens because the generation kwargs are not correctly set. Please make sure that the generation kwargs are set correctly, or review your training hyperparameters.
  warnings.warn(
/scratch/user/mincheolseong/.conda/envs/grpo/lib/python3.10/site-packages/trl/trainer/ppo_trainer.py:1133: UserWarning: KL divergence is starting to become negative: -7.32 - this might be a precursor for failed training. sometimes this happens because the generation kwargs are not correctly set. Please make sure that the generation kwargs are set correctly, or review your training hyperparameters.
  warnings.warn(
/scratch/user/mincheolseong/.conda/envs/grpo/lib/python3.10/site-packages/trl/trainer/ppo_trainer.py:1133: UserWarning: KL divergence is starting to become negative: -7.24 - this might be a precursor for failed training. sometimes this happens because the generation kwargs are not correctly set. Please make sure that the generation kwargs are set correctly, or review your training hyperparameters.
  warnings.warn(
/scratch/user/mincheolseong/.conda/envs/grpo/lib/python3.10/site-packages/trl/trainer/ppo_trainer.py:1133: UserWarning: KL divergence is starting to become negative: -3.52 - this might be a precursor for failed training. sometimes this happens because the generation kwargs are not correctly set. Please make sure that the generation kwargs are set correctly, or review your training hyperparameters.
  warnings.warn(
/scratch/user/mincheolseong/.conda/envs/grpo/lib/python3.10/site-packages/trl/trainer/ppo_trainer.py:1133: UserWarning: KL divergence is starting to become negative: -6.79 - this might be a precursor for failed training. sometimes this happens because the generation kwargs are not correctly set. Please make sure that the generation kwargs are set correctly, or review your training hyperparameters.
  warnings.warn(
/scratch/user/mincheolseong/.conda/envs/grpo/lib/python3.10/site-packages/transformers/pipelines/base.py:1083: UserWarning: You seem to be using the pipelines sequentially on GPU. In order to maximize efficiency please use a dataset
  warnings.warn(
/scratch/user/mincheolseong/.conda/envs/grpo/lib/python3.10/site-packages/trl/trainer/ppo_trainer.py:1133: UserWarning: KL divergence is starting to become negative: -11.53 - this might be a precursor for failed training. sometimes this happens because the generation kwargs are not correctly set. Please make sure that the generation kwargs are set correctly, or review your training hyperparameters.
  warnings.warn(
/scratch/user/mincheolseong/.conda/envs/grpo/lib/python3.10/site-packages/trl/trainer/ppo_trainer.py:1133: UserWarning: KL divergence is starting to become negative: -17.26 - this might be a precursor for failed training. sometimes this happens because the generation kwargs are not correctly set. Please make sure that the generation kwargs are set correctly, or review your training hyperparameters.
  warnings.warn(
/scratch/user/mincheolseong/.conda/envs/grpo/lib/python3.10/site-packages/trl/trainer/ppo_trainer.py:1133: UserWarning: KL divergence is starting to become negative: -19.24 - this might be a precursor for failed training. sometimes this happens because the generation kwargs are not correctly set. Please make sure that the generation kwargs are set correctly, or review your training hyperparameters.
  warnings.warn(
/scratch/user/mincheolseong/.conda/envs/grpo/lib/python3.10/site-packages/trl/trainer/ppo_trainer.py:1133: UserWarning: KL divergence is starting to become negative: -25.29 - this might be a precursor for failed training. sometimes this happens because the generation kwargs are not correctly set. Please make sure that the generation kwargs are set correctly, or review your training hyperparameters.
  warnings.warn(
/scratch/user/mincheolseong/.conda/envs/grpo/lib/python3.10/site-packages/trl/trainer/ppo_trainer.py:1133: UserWarning: KL divergence is starting to become negative: -25.24 - this might be a precursor for failed training. sometimes this happens because the generation kwargs are not correctly set. Please make sure that the generation kwargs are set correctly, or review your training hyperparameters.
  warnings.warn(
/scratch/user/mincheolseong/.conda/envs/grpo/lib/python3.10/site-packages/trl/trainer/ppo_trainer.py:1133: UserWarning: KL divergence is starting to become negative: -30.58 - this might be a precursor for failed training. sometimes this happens because the generation kwargs are not correctly set. Please make sure that the generation kwargs are set correctly, or review your training hyperparameters.
  warnings.warn(
/scratch/user/mincheolseong/.conda/envs/grpo/lib/python3.10/site-packages/trl/trainer/ppo_trainer.py:1133: UserWarning: KL divergence is starting to become negative: -30.87 - this might be a precursor for failed training. sometimes this happens because the generation kwargs are not correctly set. Please make sure that the generation kwargs are set correctly, or review your training hyperparameters.
  warnings.warn(
/scratch/user/mincheolseong/.conda/envs/grpo/lib/python3.10/site-packages/trl/trainer/ppo_trainer.py:1133: UserWarning: KL divergence is starting to become negative: -30.97 - this might be a precursor for failed training. sometimes this happens because the generation kwargs are not correctly set. Please make sure that the generation kwargs are set correctly, or review your training hyperparameters.
  warnings.warn(
/scratch/user/mincheolseong/.conda/envs/grpo/lib/python3.10/site-packages/trl/trainer/ppo_trainer.py:1133: UserWarning: KL divergence is starting to become negative: -3.42 - this might be a precursor for failed training. sometimes this happens because the generation kwargs are not correctly set. Please make sure that the generation kwargs are set correctly, or review your training hyperparameters.
  warnings.warn(
/scratch/user/mincheolseong/.conda/envs/grpo/lib/python3.10/site-packages/trl/trainer/ppo_trainer.py:1133: UserWarning: KL divergence is starting to become negative: -2.58 - this might be a precursor for failed training. sometimes this happens because the generation kwargs are not correctly set. Please make sure that the generation kwargs are set correctly, or review your training hyperparameters.
  warnings.warn(
/scratch/user/mincheolseong/.conda/envs/grpo/lib/python3.10/site-packages/trl/trainer/ppo_trainer.py:1133: UserWarning: KL divergence is starting to become negative: -4.27 - this might be a precursor for failed training. sometimes this happens because the generation kwargs are not correctly set. Please make sure that the generation kwargs are set correctly, or review your training hyperparameters.
  warnings.warn(
/scratch/user/mincheolseong/.conda/envs/grpo/lib/python3.10/site-packages/trl/trainer/ppo_trainer.py:1133: UserWarning: KL divergence is starting to become negative: -7.43 - this might be a precursor for failed training. sometimes this happens because the generation kwargs are not correctly set. Please make sure that the generation kwargs are set correctly, or review your training hyperparameters.
  warnings.warn(
/scratch/user/mincheolseong/.conda/envs/grpo/lib/python3.10/site-packages/trl/trainer/ppo_trainer.py:1133: UserWarning: KL divergence is starting to become negative: -27.90 - this might be a precursor for failed training. sometimes this happens because the generation kwargs are not correctly set. Please make sure that the generation kwargs are set correctly, or review your training hyperparameters.
  warnings.warn(
/scratch/user/mincheolseong/.conda/envs/grpo/lib/python3.10/site-packages/trl/trainer/ppo_trainer.py:1133: UserWarning: KL divergence is starting to become negative: -29.69 - this might be a precursor for failed training. sometimes this happens because the generation kwargs are not correctly set. Please make sure that the generation kwargs are set correctly, or review your training hyperparameters.
  warnings.warn(
/scratch/user/mincheolseong/.conda/envs/grpo/lib/python3.10/site-packages/trl/trainer/ppo_trainer.py:1133: UserWarning: KL divergence is starting to become negative: -13.23 - this might be a precursor for failed training. sometimes this happens because the generation kwargs are not correctly set. Please make sure that the generation kwargs are set correctly, or review your training hyperparameters.
  warnings.warn(
/scratch/user/mincheolseong/.conda/envs/grpo/lib/python3.10/site-packages/trl/trainer/ppo_trainer.py:1133: UserWarning: KL divergence is starting to become negative: -16.75 - this might be a precursor for failed training. sometimes this happens because the generation kwargs are not correctly set. Please make sure that the generation kwargs are set correctly, or review your training hyperparameters.
  warnings.warn(
/scratch/user/mincheolseong/.conda/envs/grpo/lib/python3.10/site-packages/trl/trainer/ppo_trainer.py:1133: UserWarning: KL divergence is starting to become negative: -8.48 - this might be a precursor for failed training. sometimes this happens because the generation kwargs are not correctly set. Please make sure that the generation kwargs are set correctly, or review your training hyperparameters.
  warnings.warn(
/scratch/user/mincheolseong/.conda/envs/grpo/lib/python3.10/site-packages/trl/trainer/ppo_trainer.py:1133: UserWarning: KL divergence is starting to become negative: -44.15 - this might be a precursor for failed training. sometimes this happens because the generation kwargs are not correctly set. Please make sure that the generation kwargs are set correctly, or review your training hyperparameters.
  warnings.warn(
/scratch/user/mincheolseong/.conda/envs/grpo/lib/python3.10/site-packages/trl/trainer/ppo_trainer.py:1133: UserWarning: KL divergence is starting to become negative: -46.91 - this might be a precursor for failed training. sometimes this happens because the generation kwargs are not correctly set. Please make sure that the generation kwargs are set correctly, or review your training hyperparameters.
  warnings.warn(
/scratch/user/mincheolseong/.conda/envs/grpo/lib/python3.10/site-packages/trl/trainer/ppo_trainer.py:1133: UserWarning: KL divergence is starting to become negative: -9.04 - this might be a precursor for failed training. sometimes this happens because the generation kwargs are not correctly set. Please make sure that the generation kwargs are set correctly, or review your training hyperparameters.
  warnings.warn(
/scratch/user/mincheolseong/.conda/envs/grpo/lib/python3.10/site-packages/trl/trainer/ppo_trainer.py:1133: UserWarning: KL divergence is starting to become negative: -9.07 - this might be a precursor for failed training. sometimes this happens because the generation kwargs are not correctly set. Please make sure that the generation kwargs are set correctly, or review your training hyperparameters.
  warnings.warn(
/scratch/user/mincheolseong/.conda/envs/grpo/lib/python3.10/site-packages/trl/trainer/ppo_trainer.py:1133: UserWarning: KL divergence is starting to become negative: -2.75 - this might be a precursor for failed training. sometimes this happens because the generation kwargs are not correctly set. Please make sure that the generation kwargs are set correctly, or review your training hyperparameters.
  warnings.warn(
/scratch/user/mincheolseong/.conda/envs/grpo/lib/python3.10/site-packages/trl/trainer/ppo_trainer.py:1133: UserWarning: KL divergence is starting to become negative: -11.90 - this might be a precursor for failed training. sometimes this happens because the generation kwargs are not correctly set. Please make sure that the generation kwargs are set correctly, or review your training hyperparameters.
  warnings.warn(
/scratch/user/mincheolseong/.conda/envs/grpo/lib/python3.10/site-packages/trl/trainer/ppo_trainer.py:1133: UserWarning: KL divergence is starting to become negative: -12.25 - this might be a precursor for failed training. sometimes this happens because the generation kwargs are not correctly set. Please make sure that the generation kwargs are set correctly, or review your training hyperparameters.
  warnings.warn(
/scratch/user/mincheolseong/.conda/envs/grpo/lib/python3.10/site-packages/trl/trainer/ppo_trainer.py:1133: UserWarning: KL divergence is starting to become negative: -19.48 - this might be a precursor for failed training. sometimes this happens because the generation kwargs are not correctly set. Please make sure that the generation kwargs are set correctly, or review your training hyperparameters.
  warnings.warn(
/scratch/user/mincheolseong/.conda/envs/grpo/lib/python3.10/site-packages/trl/trainer/ppo_trainer.py:1133: UserWarning: KL divergence is starting to become negative: -30.28 - this might be a precursor for failed training. sometimes this happens because the generation kwargs are not correctly set. Please make sure that the generation kwargs are set correctly, or review your training hyperparameters.
  warnings.warn(
/scratch/user/mincheolseong/.conda/envs/grpo/lib/python3.10/site-packages/trl/trainer/ppo_trainer.py:1133: UserWarning: KL divergence is starting to become negative: -29.51 - this might be a precursor for failed training. sometimes this happens because the generation kwargs are not correctly set. Please make sure that the generation kwargs are set correctly, or review your training hyperparameters.
  warnings.warn(
/scratch/user/mincheolseong/.conda/envs/grpo/lib/python3.10/site-packages/trl/trainer/ppo_trainer.py:1133: UserWarning: KL divergence is starting to become negative: -24.15 - this might be a precursor for failed training. sometimes this happens because the generation kwargs are not correctly set. Please make sure that the generation kwargs are set correctly, or review your training hyperparameters.
  warnings.warn(
/scratch/user/mincheolseong/.conda/envs/grpo/lib/python3.10/site-packages/trl/trainer/ppo_trainer.py:1133: UserWarning: KL divergence is starting to become negative: -8.23 - this might be a precursor for failed training. sometimes this happens because the generation kwargs are not correctly set. Please make sure that the generation kwargs are set correctly, or review your training hyperparameters.
  warnings.warn(
/scratch/user/mincheolseong/.conda/envs/grpo/lib/python3.10/site-packages/trl/trainer/ppo_trainer.py:1133: UserWarning: KL divergence is starting to become negative: -10.13 - this might be a precursor for failed training. sometimes this happens because the generation kwargs are not correctly set. Please make sure that the generation kwargs are set correctly, or review your training hyperparameters.
  warnings.warn(
/scratch/user/mincheolseong/.conda/envs/grpo/lib/python3.10/site-packages/trl/trainer/ppo_trainer.py:1133: UserWarning: KL divergence is starting to become negative: -8.19 - this might be a precursor for failed training. sometimes this happens because the generation kwargs are not correctly set. Please make sure that the generation kwargs are set correctly, or review your training hyperparameters.
  warnings.warn(
/scratch/user/mincheolseong/.conda/envs/grpo/lib/python3.10/site-packages/trl/trainer/ppo_trainer.py:1133: UserWarning: KL divergence is starting to become negative: -32.66 - this might be a precursor for failed training. sometimes this happens because the generation kwargs are not correctly set. Please make sure that the generation kwargs are set correctly, or review your training hyperparameters.
  warnings.warn(
/scratch/user/mincheolseong/.conda/envs/grpo/lib/python3.10/site-packages/trl/trainer/ppo_trainer.py:1133: UserWarning: KL divergence is starting to become negative: -52.41 - this might be a precursor for failed training. sometimes this happens because the generation kwargs are not correctly set. Please make sure that the generation kwargs are set correctly, or review your training hyperparameters.
  warnings.warn(
/scratch/user/mincheolseong/.conda/envs/grpo/lib/python3.10/site-packages/trl/trainer/ppo_trainer.py:1133: UserWarning: KL divergence is starting to become negative: -128.68 - this might be a precursor for failed training. sometimes this happens because the generation kwargs are not correctly set. Please make sure that the generation kwargs are set correctly, or review your training hyperparameters.
  warnings.warn(
/scratch/user/mincheolseong/.conda/envs/grpo/lib/python3.10/site-packages/trl/trainer/ppo_trainer.py:1133: UserWarning: KL divergence is starting to become negative: -7.86 - this might be a precursor for failed training. sometimes this happens because the generation kwargs are not correctly set. Please make sure that the generation kwargs are set correctly, or review your training hyperparameters.
  warnings.warn(
/scratch/user/mincheolseong/.conda/envs/grpo/lib/python3.10/site-packages/trl/trainer/ppo_trainer.py:1133: UserWarning: KL divergence is starting to become negative: -25.44 - this might be a precursor for failed training. sometimes this happens because the generation kwargs are not correctly set. Please make sure that the generation kwargs are set correctly, or review your training hyperparameters.
  warnings.warn(
/scratch/user/mincheolseong/.conda/envs/grpo/lib/python3.10/site-packages/trl/trainer/ppo_trainer.py:1133: UserWarning: KL divergence is starting to become negative: -27.39 - this might be a precursor for failed training. sometimes this happens because the generation kwargs are not correctly set. Please make sure that the generation kwargs are set correctly, or review your training hyperparameters.
  warnings.warn(
/scratch/user/mincheolseong/.conda/envs/grpo/lib/python3.10/site-packages/trl/trainer/ppo_trainer.py:1067: UserWarning: The average ratio of batch (32.19) exceeds threshold 10.00. Skipping batch.
  warnings.warn(
/scratch/user/mincheolseong/.conda/envs/grpo/lib/python3.10/site-packages/trl/trainer/ppo_trainer.py:1067: UserWarning: The average ratio of batch (10.65) exceeds threshold 10.00. Skipping batch.
  warnings.warn(
